2023.07.19 11:27:47 INFO  Started: Metals version 1.0.0 in folders 'C:\Users\X04066\electric_mapping_by_accountnumber' for client Visual Studio Code 1.79.2.
Jul 19, 2023 11:27:47 AM org.flywaydb.core.internal.license.VersionPrinter printVersionOnly
INFO: Flyway Community Edition 9.20.1 by Redgate
Jul 19, 2023 11:27:47 AM org.flywaydb.core.internal.license.VersionPrinter printVersion
INFO: See release notes here: https://rd.gt/416ObMi
Jul 19, 2023 11:27:47 AM org.flywaydb.core.internal.license.VersionPrinter printVersion
INFO: 
Jul 19, 2023 11:27:48 AM org.flywaydb.core.internal.database.base.BaseDatabaseType createDatabase
INFO: Database: jdbc:h2:file:C:\Users\X04066\electric_mapping_by_accountnumber\.metals\metals (H2 2.1)
Jul 19, 2023 11:27:48 AM org.flywaydb.core.internal.schemahistory.JdbcTableSchemaHistory allAppliedMigrations
INFO: Schema history table "PUBLIC"."flyway_schema_history" does not exist yet
Jul 19, 2023 11:27:48 AM org.flywaydb.core.internal.command.DbValidate validate
INFO: Successfully validated 4 migrations (execution time 00:00.017s)
Jul 19, 2023 11:27:48 AM org.flywaydb.core.internal.schemahistory.JdbcTableSchemaHistory create
INFO: Creating Schema History table "PUBLIC"."flyway_schema_history" ...
Jul 19, 2023 11:27:48 AM org.flywaydb.core.internal.command.DbMigrate migrateGroup
INFO: Current version of schema "PUBLIC": << Empty Schema >>
Jul 19, 2023 11:27:48 AM org.flywaydb.core.internal.command.DbMigrate doMigrateGroup
INFO: Migrating schema "PUBLIC" to version "1 - Create tables"
Jul 19, 2023 11:27:48 AM org.flywaydb.core.internal.command.DbMigrate doMigrateGroup
INFO: Migrating schema "PUBLIC" to version "2 - Server discovery"
Jul 19, 2023 11:27:48 AM org.flywaydb.core.internal.command.DbMigrate doMigrateGroup
INFO: Migrating schema "PUBLIC" to version "3 - Jar symbols"
Jul 19, 2023 11:27:48 AM org.flywaydb.core.internal.command.DbMigrate doMigrateGroup
INFO: Migrating schema "PUBLIC" to version "4 - Fingerprints"
Jul 19, 2023 11:27:48 AM org.flywaydb.core.internal.command.DbMigrate logSummary
INFO: Successfully applied 4 migrations to schema "PUBLIC", now at version v4 (execution time 00:00.018s)
2023.07.19 11:27:48 INFO  time: initialize in 0.68s
2023.07.19 11:27:50 WARN  Build server is not auto-connectable.
2023.07.19 11:27:50 WARN  no build tool detected in workspace 'C:\Users\X04066\electric_mapping_by_accountnumber'. The most common cause for this problem is that the editor was opened in the wrong working directory, for example if you use sbt then the workspace directory should contain build.sbt. 
